-------------------------------------------------------------------------------
Test set: InvalidCredentialsLoginTest
-------------------------------------------------------------------------------
Tests run: 5, Failures: 0, Errors: 1, Skipped: 0, Time elapsed: 16.671 s <<< FAILURE! - in InvalidCredentialsLoginTest
loginWithInvalidCredentialsTest[4](InvalidCredentialsLoginTest)  Time elapsed: 11.34 s  <<< ERROR!
com.microsoft.playwright.TimeoutError: 
Error {
  message='Timeout 10000ms exceeded.
=========================== logs ===========================
waiting for locator("xpath=//div[@id='message' and text()='Incorrect password']") to be visible
============================================================
  name='TimeoutError
  stack='TimeoutError: Timeout 10000ms exceeded.
=========================== logs ===========================
waiting for locator("xpath=//div[@id='message' and text()='Incorrect password']") to be visible
============================================================
    at ProgressController.run (/private/var/folders/24/2mlqg9yj3b3cf8k65bl1hmyw0000gn/T/playwright-java-2429599155865619508/package/lib/server/progress.js:88:26)
    at Frame.waitForSelector (/private/var/folders/24/2mlqg9yj3b3cf8k65bl1hmyw0000gn/T/playwright-java-2429599155865619508/package/lib/server/frames.js:619:23)
    at FrameDispatcher.waitForSelector (/private/var/folders/24/2mlqg9yj3b3cf8k65bl1hmyw0000gn/T/playwright-java-2429599155865619508/package/lib/server/dispatchers/frameDispatcher.js:103:103)
    at DispatcherConnection.dispatch (/private/var/folders/24/2mlqg9yj3b3cf8k65bl1hmyw0000gn/T/playwright-java-2429599155865619508/package/lib/server/dispatchers/dispatcher.js:346:46)
}
	at InvalidCredentialsLoginTest.loginWithInvalidCredentialsTest(InvalidCredentialsLoginTest.java:49)
Caused by: com.microsoft.playwright.TimeoutError: 
Error {
  message='Timeout 10000ms exceeded.
=========================== logs ===========================
waiting for locator("xpath=//div[@id='message' and text()='Incorrect password']") to be visible
============================================================
  name='TimeoutError
  stack='TimeoutError: Timeout 10000ms exceeded.
=========================== logs ===========================
waiting for locator("xpath=//div[@id='message' and text()='Incorrect password']") to be visible
============================================================
    at ProgressController.run (/private/var/folders/24/2mlqg9yj3b3cf8k65bl1hmyw0000gn/T/playwright-java-2429599155865619508/package/lib/server/progress.js:88:26)
    at Frame.waitForSelector (/private/var/folders/24/2mlqg9yj3b3cf8k65bl1hmyw0000gn/T/playwright-java-2429599155865619508/package/lib/server/frames.js:619:23)
    at FrameDispatcher.waitForSelector (/private/var/folders/24/2mlqg9yj3b3cf8k65bl1hmyw0000gn/T/playwright-java-2429599155865619508/package/lib/server/dispatchers/frameDispatcher.js:103:103)
    at DispatcherConnection.dispatch (/private/var/folders/24/2mlqg9yj3b3cf8k65bl1hmyw0000gn/T/playwright-java-2429599155865619508/package/lib/server/dispatchers/dispatcher.js:346:46)
}
	at InvalidCredentialsLoginTest.loginWithInvalidCredentialsTest(InvalidCredentialsLoginTest.java:49)

