<?xml version="1.0" encoding="UTF-8"?>
<testsuite xmlns:xsi="http://www.w3.org/2001/XMLSchema-instance" xsi:noNamespaceSchemaLocation="https://maven.apache.org/surefire/maven-surefire-plugin/xsd/surefire-test-report.xsd" name="InvalidCredentialsLoginTest" time="16.671" tests="5" errors="1" skipped="0" failures="0">
  <properties>
[...]
</properties>
  <testcase name="loginWithInvalidCredentialsTest[0]" classname="InvalidCredentialsLoginTest" time="1.369"/>
  <testcase name="loginWithInvalidCredentialsTest[1]" classname="InvalidCredentialsLoginTest" time="1.294"/>
  <testcase name="loginWithInvalidCredentialsTest[2]" classname="InvalidCredentialsLoginTest" time="1.351"/>
  <testcase name="loginWithInvalidCredentialsTest[3]" classname="InvalidCredentialsLoginTest" time="1.317"/>
  <testcase name="loginWithInvalidCredentialsTest[4]" classname="InvalidCredentialsLoginTest" time="11.34">
    <error message="Error {&#10;  message=&apos;Timeout 10000ms exceeded.&#10;=========================== logs ===========================&#10;waiting for locator(&quot;xpath=//div[@id=&apos;message&apos; and text()=&apos;Incorrect password&apos;]&quot;) to be visible&#10;============================================================&#10;  name=&apos;TimeoutError&#10;  stack=&apos;TimeoutError: Timeout 10000ms exceeded.&#10;=========================== logs ===========================&#10;waiting for locator(&quot;xpath=//div[@id=&apos;message&apos; and text()=&apos;Incorrect password&apos;]&quot;) to be visible&#10;============================================================&#10;    at ProgressController.run (/private/var/folders/24/2mlqg9yj3b3cf8k65bl1hmyw0000gn/T/playwright-java-2429599155865619508/package/lib/server/progress.js:88:26)&#10;    at Frame.waitForSelector (/private/var/folders/24/2mlqg9yj3b3cf8k65bl1hmyw0000gn/T/playwright-java-2429599155865619508/package/lib/server/frames.js:619:23)&#10;    at FrameDispatcher.waitForSelector (/private/var/folders/24/2mlqg9yj3b3cf8k65bl1hmyw0000gn/T/playwright-java-2429599155865619508/package/lib/server/dispatchers/frameDispatcher.js:103:103)&#10;    at DispatcherConnection.dispatch (/private/var/folders/24/2mlqg9yj3b3cf8k65bl1hmyw0000gn/T/playwright-java-2429599155865619508/package/lib/server/dispatchers/dispatcher.js:346:46)&#10;}" type="com.microsoft.playwright.TimeoutError">com.microsoft.playwright.TimeoutError: 
Error {
  message='Timeout 10000ms exceeded.
=========================== logs ===========================
waiting for locator("xpath=//div[@id='message' and text()='Incorrect password']") to be visible
============================================================
  name='TimeoutError
  stack='TimeoutError: Timeout 10000ms exceeded.
=========================== logs ===========================
waiting for locator("xpath=//div[@id='message' and text()='Incorrect password']") to be visible
============================================================
    at ProgressController.run (/private/var/folders/24/2mlqg9yj3b3cf8k65bl1hmyw0000gn/T/playwright-java-2429599155865619508/package/lib/server/progress.js:88:26)
    at Frame.waitForSelector (/private/var/folders/24/2mlqg9yj3b3cf8k65bl1hmyw0000gn/T/playwright-java-2429599155865619508/package/lib/server/frames.js:619:23)
    at FrameDispatcher.waitForSelector (/private/var/folders/24/2mlqg9yj3b3cf8k65bl1hmyw0000gn/T/playwright-java-2429599155865619508/package/lib/server/dispatchers/frameDispatcher.js:103:103)
    at DispatcherConnection.dispatch (/private/var/folders/24/2mlqg9yj3b3cf8k65bl1hmyw0000gn/T/playwright-java-2429599155865619508/package/lib/server/dispatchers/dispatcher.js:346:46)
}
	at InvalidCredentialsLoginTest.loginWithInvalidCredentialsTest(InvalidCredentialsLoginTest.java:49)
Caused by: com.microsoft.playwright.TimeoutError: 
Error {
  message='Timeout 10000ms exceeded.
=========================== logs ===========================
waiting for locator("xpath=//div[@id='message' and text()='Incorrect password']") to be visible
============================================================
  name='TimeoutError
  stack='TimeoutError: Timeout 10000ms exceeded.
=========================== logs ===========================
waiting for locator("xpath=//div[@id='message' and text()='Incorrect password']") to be visible
============================================================
    at ProgressController.run (/private/var/folders/24/2mlqg9yj3b3cf8k65bl1hmyw0000gn/T/playwright-java-2429599155865619508/package/lib/server/progress.js:88:26)
    at Frame.waitForSelector (/private/var/folders/24/2mlqg9yj3b3cf8k65bl1hmyw0000gn/T/playwright-java-2429599155865619508/package/lib/server/frames.js:619:23)
    at FrameDispatcher.waitForSelector (/private/var/folders/24/2mlqg9yj3b3cf8k65bl1hmyw0000gn/T/playwright-java-2429599155865619508/package/lib/server/dispatchers/frameDispatcher.js:103:103)
    at DispatcherConnection.dispatch (/private/var/folders/24/2mlqg9yj3b3cf8k65bl1hmyw0000gn/T/playwright-java-2429599155865619508/package/lib/server/dispatchers/dispatcher.js:346:46)
}
	at InvalidCredentialsLoginTest.loginWithInvalidCredentialsTest(InvalidCredentialsLoginTest.java:49)
</error>
  </testcase>
</testsuite>